{"name": "test_loyalty_program", "status": "passed", "description": "Loyalty program", "steps": [{"name": "Путешествие по карте лояльности", "status": "passed", "steps": [{"name": "browser: 10", "status": "failed", "statusDetails": {"message": "selene.core.exceptions.TimeoutException: Message: \n\nTimed out after 6.0s, while waiting for:\nbrowser.10\n\nReason: TypeError: 'int' object is not callable\nScreenshot: file:///Users/a11/.selene/screenshots/1667521472224/1667521472235.png\nPageSource: file:///Users/a11/.selene/screenshots/1667521472224/1667521472235.html\n\n", "trace": "  File \"/Library/Frameworks/Python.framework/Versions/3.10/lib/python3.10/site-packages/selene/support/_logging.py\", line 76, in decorated\n    return for_(fn)\n  File \"/Library/Frameworks/Python.framework/Versions/3.10/lib/python3.10/site-packages/selene/core/wait.py\", line 145, in _\n    raise self._hook_failure(failure)\n"}, "start": 1667521587914, "stop": 1667521594618}, {"name": "element('[id=\"ru.vkusvill:id/btn_enter\"]'): click", "status": "passed", "start": 1667521594619, "stop": 1667521594684}, {"name": "element('[id=\"ru.vkusvill:id/bottom_item_support\"]'): click", "status": "passed", "start": 1667521594685, "stop": 1667521596175}, {"name": "element('[id=\"ru.vkusvill:id/sl\"]'): click", "status": "passed", "start": 1667521596176, "stop": 1667521596237}, {"name": "browser: 1", "status": "failed", "statusDetails": {"message": "selene.core.exceptions.TimeoutException: Message: \n\nTimed out after 6.0s, while waiting for:\nbrowser.1\n\nReason: TypeError: 'int' object is not callable\nScreenshot: file:///Users/a11/.selene/screenshots/1667521472224/1667521472236.png\nPageSource: file:///Users/a11/.selene/screenshots/1667521472224/1667521472236.html\n\n", "trace": "  File \"/Library/Frameworks/Python.framework/Versions/3.10/lib/python3.10/site-packages/selene/support/_logging.py\", line 76, in decorated\n    return for_(fn)\n  File \"/Library/Frameworks/Python.framework/Versions/3.10/lib/python3.10/site-packages/selene/core/wait.py\", line 145, in _\n    raise self._hook_failure(failure)\n"}, "start": 1667521596238, "stop": 1667521603051}], "start": 1667521587914, "stop": 1667521603645}], "start": 1667521587914, "stop": 1667521603645, "uuid": "08da05e4-4f8f-4ad1-8fa1-afadcabbb974", "historyId": "853f4a1e7c3d745027b9d0fe31264d36", "testCaseId": "1c5a59220f2b276d731cac2606dabf1f", "fullName": "test.test_box#test_loyalty_program", "labels": [{"name": "tag", "value": "Pixel 6 Pro, Android version: 12.0"}, {"name": "tag", "value": "mobile"}, {"name": "parentSuite", "value": "test"}, {"name": "suite", "value": "test_box"}, {"name": "host", "value": "MacBook-Air-macbook.local"}, {"name": "thread", "value": "11415-MainThread"}, {"name": "framework", "value": "pytest"}, {"name": "language", "value": "cpython3"}, {"name": "package", "value": "test.test_box"}]}