{"name": "test_loacation", "status": "passed", "description": "loacation", "steps": [{"name": "Определение локации", "status": "passed", "steps": [{"name": "browser: 10", "status": "failed", "statusDetails": {"message": "selene.core.exceptions.TimeoutException: Message: \n\nTimed out after 6.0s, while waiting for:\nbrowser.10\n\nReason: TypeError: 'int' object is not callable\nScreenshot: file:///Users/a11/.selene/screenshots/1667521472224/1667521472226.png\nPageSource: file:///Users/a11/.selene/screenshots/1667521472224/1667521472226.html\n\n", "trace": "  File \"/Library/Frameworks/Python.framework/Versions/3.10/lib/python3.10/site-packages/selene/support/_logging.py\", line 76, in decorated\n    return for_(fn)\n  File \"/Library/Frameworks/Python.framework/Versions/3.10/lib/python3.10/site-packages/selene/core/wait.py\", line 145, in _\n    raise self._hook_failure(failure)\n"}, "start": 1667521496107, "stop": 1667521502818}, {"name": "element('[id=\"ru.vkusvill:id/btn_enter\"]'): click", "status": "passed", "start": 1667521502818, "stop": 1667521502933}, {"name": "element('[id=\"ru.vkusvill:id/bottom_item_catalog\"]'): click", "status": "passed", "start": 1667521502933, "stop": 1667521503640}, {"name": "element('[id=\"ru.vkusvill:id/button_service_not\"]'): click", "status": "passed", "start": 1667521503640, "stop": 1667521505055}, {"name": "element('[id=\"com.android.permissioncontroller:id/permission_allow_foreground_only_button\"]'): click", "status": "passed", "start": 1667521505055, "stop": 1667521506450}, {"name": "element('[id=\"ru.vkusvill:id/tv_address\"]'): click", "status": "passed", "start": 1667521506450, "stop": 1667521507803}, {"name": "browser: 2", "status": "failed", "statusDetails": {"message": "selene.core.exceptions.TimeoutException: Message: \n\nTimed out after 6.0s, while waiting for:\nbrowser.2\n\nReason: TypeError: 'int' object is not callable\nScreenshot: file:///Users/a11/.selene/screenshots/1667521472224/1667521472227.png\nPageSource: file:///Users/a11/.selene/screenshots/1667521472224/1667521472227.html\n\n", "trace": "  File \"/Library/Frameworks/Python.framework/Versions/3.10/lib/python3.10/site-packages/selene/support/_logging.py\", line 76, in decorated\n    return for_(fn)\n  File \"/Library/Frameworks/Python.framework/Versions/3.10/lib/python3.10/site-packages/selene/core/wait.py\", line 145, in _\n    raise self._hook_failure(failure)\n"}, "start": 1667521507803, "stop": 1667521514069}, {"name": "element('[id=\"ru.vkusvill:id/search\"]'): send keys", "status": "passed", "start": 1667521514069, "stop": 1667521514745}, {"name": "browser: 2", "status": "failed", "statusDetails": {"message": "selene.core.exceptions.TimeoutException: Message: \n\nTimed out after 6.0s, while waiting for:\nbrowser.2\n\nReason: TypeError: 'int' object is not callable\nScreenshot: file:///Users/a11/.selene/screenshots/1667521472224/1667521472228.png\nPageSource: file:///Users/a11/.selene/screenshots/1667521472224/1667521472228.html\n\n", "trace": "  File \"/Library/Frameworks/Python.framework/Versions/3.10/lib/python3.10/site-packages/selene/support/_logging.py\", line 76, in decorated\n    return for_(fn)\n  File \"/Library/Frameworks/Python.framework/Versions/3.10/lib/python3.10/site-packages/selene/core/wait.py\", line 145, in _\n    raise self._hook_failure(failure)\n"}, "start": 1667521514745, "stop": 1667521521023}, {"name": "element('[id=\"ru.vkusvill:id/rl_root\"]'): click", "status": "passed", "start": 1667521521024, "stop": 1667521521103}, {"name": "browser: 2", "status": "failed", "statusDetails": {"message": "selene.core.exceptions.TimeoutException: Message: \n\nTimed out after 6.0s, while waiting for:\nbrowser.2\n\nReason: TypeError: 'int' object is not callable\nScreenshot: file:///Users/a11/.selene/screenshots/1667521472224/1667521472229.png\nPageSource: file:///Users/a11/.selene/screenshots/1667521472224/1667521472229.html\n\n", "trace": "  File \"/Library/Frameworks/Python.framework/Versions/3.10/lib/python3.10/site-packages/selene/support/_logging.py\", line 76, in decorated\n    return for_(fn)\n  File \"/Library/Frameworks/Python.framework/Versions/3.10/lib/python3.10/site-packages/selene/core/wait.py\", line 145, in _\n    raise self._hook_failure(failure)\n"}, "start": 1667521521103, "stop": 1667521527547}, {"name": "element('[id=\"ru.vkusvill:id/btn_select\"]'): click", "status": "passed", "start": 1667521527547, "stop": 1667521527648}, {"name": "browser: 2", "status": "failed", "statusDetails": {"message": "selene.core.exceptions.TimeoutException: Message: \n\nTimed out after 6.0s, while waiting for:\nbrowser.2\n\nReason: TypeError: 'int' object is not callable\nScreenshot: file:///Users/a11/.selene/screenshots/1667521472224/1667521472230.png\nPageSource: file:///Users/a11/.selene/screenshots/1667521472224/1667521472230.html\n\n", "trace": "  File \"/Library/Frameworks/Python.framework/Versions/3.10/lib/python3.10/site-packages/selene/support/_logging.py\", line 76, in decorated\n    return for_(fn)\n  File \"/Library/Frameworks/Python.framework/Versions/3.10/lib/python3.10/site-packages/selene/core/wait.py\", line 145, in _\n    raise self._hook_failure(failure)\n"}, "start": 1667521527648, "stop": 1667521534028}, {"name": "element('[id=\"ru.vkusvill:id/button_rules_ok\"]'): click", "status": "passed", "start": 1667521534028, "stop": 1667521534083}], "start": 1667521496107, "stop": 1667521534515}], "start": 1667521496107, "stop": 1667521534516, "uuid": "13a98515-e8fe-454a-9442-5065cec12063", "historyId": "94d606e3b7368bd8cd3c6e1bf1cad549", "testCaseId": "15ac9df92beccb6f939b6782e1e297d8", "fullName": "test.test_box#test_loacation", "labels": [{"name": "tag", "value": "Pixel 6 Pro, Android version: 12.0"}, {"name": "tag", "value": "mobile"}, {"name": "parentSuite", "value": "test"}, {"name": "suite", "value": "test_box"}, {"name": "host", "value": "MacBook-Air-macbook.local"}, {"name": "thread", "value": "11415-MainThread"}, {"name": "framework", "value": "pytest"}, {"name": "language", "value": "cpython3"}, {"name": "package", "value": "test.test_box"}]}