{"name": "test_search", "status": "passed", "description": "Search item", "steps": [{"name": "Поиск товара", "status": "passed", "steps": [{"name": "browser: 10", "status": "failed", "statusDetails": {"message": "selene.core.exceptions.TimeoutException: Message: \n\nTimed out after 6.0s, while waiting for:\nbrowser.10\n\nReason: TypeError: 'int' object is not callable\nScreenshot: file:///Users/a11/.selene/screenshots/1667521472224/1667521472231.png\nPageSource: file:///Users/a11/.selene/screenshots/1667521472224/1667521472231.html\n\n", "trace": "  File \"/Library/Frameworks/Python.framework/Versions/3.10/lib/python3.10/site-packages/selene/support/_logging.py\", line 76, in decorated\n    return for_(fn)\n  File \"/Library/Frameworks/Python.framework/Versions/3.10/lib/python3.10/site-packages/selene/core/wait.py\", line 145, in _\n    raise self._hook_failure(failure)\n"}, "start": 1667521540768, "stop": 1667521547538}, {"name": "element('[id=\"ru.vkusvill:id/btn_enter\"]'): click", "status": "passed", "start": 1667521547539, "stop": 1667521547615}, {"name": "element('[id=\"ru.vkusvill:id/bottom_item_catalog\"]'): click", "status": "passed", "start": 1667521547615, "stop": 1667521548368}, {"name": "element('[id=\"ru.vkusvill:id/ll_search\"]'): click", "status": "passed", "start": 1667521548368, "stop": 1667521549142}, {"name": "element('[id=\"ru.vkusvill:id/et_search\"]'): send keys", "status": "passed", "start": 1667521549142, "stop": 1667521552338}, {"name": "browser: 1", "status": "failed", "statusDetails": {"message": "selene.core.exceptions.TimeoutException: Message: \n\nTimed out after 6.0s, while waiting for:\nbrowser.1\n\nReason: TypeError: 'int' object is not callable\nScreenshot: file:///Users/a11/.selene/screenshots/1667521472224/1667521472232.png\nPageSource: file:///Users/a11/.selene/screenshots/1667521472224/1667521472232.html\n\n", "trace": "  File \"/Library/Frameworks/Python.framework/Versions/3.10/lib/python3.10/site-packages/selene/support/_logging.py\", line 76, in decorated\n    return for_(fn)\n  File \"/Library/Frameworks/Python.framework/Versions/3.10/lib/python3.10/site-packages/selene/core/wait.py\", line 145, in _\n    raise self._hook_failure(failure)\n"}, "start": 1667521552338, "stop": 1667521559305}, {"name": "element('[id=\"ru.vkusvill:id/ll_cart_empty\"]'): click", "status": "passed", "start": 1667521559306, "stop": 1667521559882}], "start": 1667521540768, "stop": 1667521560326}], "start": 1667521540767, "stop": 1667521560326, "uuid": "a63637aa-0792-47a2-bc05-89e36e5acc9f", "historyId": "206766303069e03a844a2caa569d652f", "testCaseId": "52b4cafdbf8164f254926e0db25c3800", "fullName": "test.test_box#test_search", "labels": [{"name": "tag", "value": "Pixel 6 Pro, Android version: 12.0"}, {"name": "tag", "value": "mobile"}, {"name": "parentSuite", "value": "test"}, {"name": "suite", "value": "test_box"}, {"name": "host", "value": "MacBook-Air-macbook.local"}, {"name": "thread", "value": "11415-MainThread"}, {"name": "framework", "value": "pytest"}, {"name": "language", "value": "cpython3"}, {"name": "package", "value": "test.test_box"}]}